Build started 03/06/2015 08:17:21.
     1>Project "E:\CanisMajoris\Canis Majoris\Engine\Engine.vcxproj" on node 2 (ClCompile target(s)).
     1>C:\Program Files (x86)\MSBuild\Microsoft.Cpp\v4.0\V120\Microsoft.CppBuild.targets(388,5): warning MSB8028: The intermediate directory (Debug\) contains files shared from another project (Canis Majoris.vcxproj).  This can lead to incorrect clean and rebuild behavior.
     1>ClCompile:
         E:\Programs\Microsoft Visual Studio 12.0\VC\bin\CL.exe /c /I"E:\CanisMajoris\Canis Majoris\Engine\\include" /I"X:\boost-1.57.0\include" /I"X:\SDL-1.2.15\include" /I"X:\SDL_draw-1.2.13\include" /I"X:\SDL_ttf-2.0.11\include" /ZI /nologo /W3 /WX- /sdl /Od /Oy- /D ENGINE_DLL_EXPORT_H /D _WINDLL /D _MBCS /Gm /EHsc /RTC1 /MDd /GS /fp:precise /Zc:wchar_t /Zc:forScope /Fo"Debug\\" /Fd"Debug\vc120.pdb" /Gd /TP /analyze- /errorReport:prompt /EHsc src\Physics\SimplePhysBody.cpp
         SimplePhysBody.cpp
     1>e:\canismajoris\canis majoris\engine\include\renderer\coreutils\primitives\mesh.h(59): warning C4251: 'Core::Renderer::CoreUtils::Mesh::meshID' : class 'std::basic_string<char,std::char_traits<char>,std::allocator<char>>' needs to have dll-interface to be used by clients of class 'Core::Renderer::CoreUtils::Mesh'
     1>e:\canismajoris\canis majoris\engine\include\renderer\coreutils\primitives\mesh.h(61): warning C4251: 'Core::Renderer::CoreUtils::Mesh::m_localVerts' : class 'std::vector<Core::Renderer::CoreUtils::Vertex *,std::allocator<_Ty>>' needs to have dll-interface to be used by clients of class 'Core::Renderer::CoreUtils::Mesh'
                 with
                 [
                     _Ty=Core::Renderer::CoreUtils::Vertex *
                 ]
     1>e:\canismajoris\canis majoris\engine\include\renderer\coreutils\primitives\mesh.h(62): warning C4251: 'Core::Renderer::CoreUtils::Mesh::m_localEdges' : class 'std::vector<Core::Renderer::CoreUtils::Edge *,std::allocator<_Ty>>' needs to have dll-interface to be used by clients of class 'Core::Renderer::CoreUtils::Mesh'
                 with
                 [
                     _Ty=Core::Renderer::CoreUtils::Edge *
                 ]
     1>e:\canismajoris\canis majoris\engine\include\renderer\coreutils\primitives\mesh.h(63): warning C4251: 'Core::Renderer::CoreUtils::Mesh::m_localTris' : class 'std::vector<Core::Renderer::CoreUtils::Triangle *,std::allocator<_Ty>>' needs to have dll-interface to be used by clients of class 'Core::Renderer::CoreUtils::Mesh'
                 with
                 [
                     _Ty=Core::Renderer::CoreUtils::Triangle *
                 ]
     1>Done Building Project "E:\CanisMajoris\Canis Majoris\Engine\Engine.vcxproj" (ClCompile target(s)).

Build succeeded.

Time Elapsed 00:00:01.33
