The system is: Windows - 10.0.19631 - AMD64
Compiling the C compiler identification source file "CMakeCCompilerId.c" succeeded.
Compiler: C:/Program Files (x86)/Microsoft Visual Studio/2019/Community/VC/Tools/MSVC/14.25.28610/bin/HostX64/x64/cl.exe 
Build flags: 
Id flags:  

The output was:
0
Microsoft (R) C/C++ Optimizing Compiler Version 19.25.28611 for x64
Copyright (C) Microsoft Corporation.  All rights reserved.

CMakeCCompilerId.c
Microsoft (R) Incremental Linker Version 14.25.28611.0
Copyright (C) Microsoft Corporation.  All rights reserved.

/out:CMakeCCompilerId.exe 
CMakeCCompilerId.obj 


Compilation of the C compiler identification source "CMakeCCompilerId.c" produced "CMakeCCompilerId.exe"

Compilation of the C compiler identification source "CMakeCCompilerId.c" produced "CMakeCCompilerId.obj"

The C compiler identification is MSVC, found in "C:/Users/Bogdan/source/repos/CanisMajoris/auxiliaries/boost-1.73.0/include/boost/safe_numerics/out/build/x64-Debug/CMakeFiles/3.16.19112601-MSVC_2/CompilerIdC/CMakeCCompilerId.exe"

Compiling the CXX compiler identification source file "CMakeCXXCompilerId.cpp" succeeded.
Compiler: C:/Program Files (x86)/Microsoft Visual Studio/2019/Community/VC/Tools/MSVC/14.25.28610/bin/HostX64/x64/cl.exe 
Build flags: 
Id flags:  

The output was:
0
Microsoft (R) C/C++ Optimizing Compiler Version 19.25.28611 for x64
Copyright (C) Microsoft Corporation.  All rights reserved.

CMakeCXXCompilerId.cpp
Microsoft (R) Incremental Linker Version 14.25.28611.0
Copyright (C) Microsoft Corporation.  All rights reserved.

/out:CMakeCXXCompilerId.exe 
CMakeCXXCompilerId.obj 


Compilation of the CXX compiler identification source "CMakeCXXCompilerId.cpp" produced "CMakeCXXCompilerId.exe"

Compilation of the CXX compiler identification source "CMakeCXXCompilerId.cpp" produced "CMakeCXXCompilerId.obj"

The CXX compiler identification is MSVC, found in "C:/Users/Bogdan/source/repos/CanisMajoris/auxiliaries/boost-1.73.0/include/boost/safe_numerics/out/build/x64-Debug/CMakeFiles/3.16.19112601-MSVC_2/CompilerIdCXX/CMakeCXXCompilerId.exe"

Determining if the C compiler works passed with the following output:
Change Dir: C:/Users/Bogdan/source/repos/CanisMajoris/auxiliaries/boost-1.73.0/include/boost/safe_numerics/out/build/x64-Debug/CMakeFiles/CMakeTmp

Run Build Command(s):C:/Program Files (x86)/Microsoft Visual Studio/2019/Community/Common7/IDE/CommonExtensions/Microsoft/CMake/Ninja/ninja.exe cmTC_7424c && [1/2] Building C object CMakeFiles\cmTC_7424c.dir\testCCompiler.c.obj
[2/2] Linking C executable cmTC_7424c.exe



Detecting C compiler ABI info compiled with the following output:
Change Dir: C:/Users/Bogdan/source/repos/CanisMajoris/auxiliaries/boost-1.73.0/include/boost/safe_numerics/out/build/x64-Debug/CMakeFiles/CMakeTmp

Run Build Command(s):C:/Program Files (x86)/Microsoft Visual Studio/2019/Community/Common7/IDE/CommonExtensions/Microsoft/CMake/Ninja/ninja.exe cmTC_456a5 && [1/2] Building C object CMakeFiles\cmTC_456a5.dir\CMakeCCompilerABI.c.obj
[2/2] Linking C executable cmTC_456a5.exe



Determining if the CXX compiler works passed with the following output:
Change Dir: C:/Users/Bogdan/source/repos/CanisMajoris/auxiliaries/boost-1.73.0/include/boost/safe_numerics/out/build/x64-Debug/CMakeFiles/CMakeTmp

Run Build Command(s):C:/Program Files (x86)/Microsoft Visual Studio/2019/Community/Common7/IDE/CommonExtensions/Microsoft/CMake/Ninja/ninja.exe cmTC_915a0 && [1/2] Building CXX object CMakeFiles\cmTC_915a0.dir\testCXXCompiler.cxx.obj
[2/2] Linking CXX executable cmTC_915a0.exe



Detecting CXX compiler ABI info compiled with the following output:
Change Dir: C:/Users/Bogdan/source/repos/CanisMajoris/auxiliaries/boost-1.73.0/include/boost/safe_numerics/out/build/x64-Debug/CMakeFiles/CMakeTmp

Run Build Command(s):C:/Program Files (x86)/Microsoft Visual Studio/2019/Community/Common7/IDE/CommonExtensions/Microsoft/CMake/Ninja/ninja.exe cmTC_e7a0f && [1/2] Building CXX object CMakeFiles\cmTC_e7a0f.dir\CMakeCXXCompilerABI.cpp.obj
[2/2] Linking CXX executable cmTC_e7a0f.exe



