Build started 22/05/2015 13:37:00.
     1>Project "E:\CanisMajoris\Canis Majoris\Engine\Engine.vcxproj" on node 2 (Build target(s)).
     1>C:\Program Files (x86)\MSBuild\Microsoft.Cpp\v4.0\V120\Microsoft.CppBuild.targets(388,5): warning MSB8028: The intermediate directory (x64\Debug\) contains files shared from another project (Canis Majoris.vcxproj).  This can lead to incorrect clean and rebuild behavior.
     1>ClCompile:
         E:\Programs\Microsoft Visual Studio 12.0\VC\bin\x86_amd64\CL.exe /c /I"C:\Users\Bogdan\Documents\Libs\SDL-1.2.15\include" /IC:\Users\Bogdan\Documents\Libs\Qt\5.4\msvc2013_64\lib /IC:\Users\Bogdan\Documents\Libs\Qt\5.4\msvc2013_64\include\QtCore /IC:\Users\Bogdan\Documents\Libs\Qt\5.4\msvc2013_64\include\QtGui /I"C:\Users\Bogdan\Documents\Libs\Qt\5.4\msvc2013_64\mkspecs\win32-msvc2013" /IE:\Programs\boost_1_57_0 /Zi /nologo /W3 /WX- /sdl /Od /D _MBCS /Gm /EHsc /RTC1 /MDd /GS /fp:precise /Zc:wchar_t /Zc:forScope /Fo"x64\Debug\\" /Fd"x64\Debug\vc120.pdb" /Gd /TP /errorReport:prompt src\Editor\ProcyonServer\EditorServer.cpp src\FileIO\OBJImpex\Reader\IO_OBJLoader.cpp src\Renderer\CoreUtils\Camera.cpp src\Renderer\CoreUtils\Primitives\Edge.cpp src\Renderer\CoreUtils\Primitives\Mesh.cpp src\Renderer\CoreUtils\Primitives\Triangle.cpp src\Renderer\CoreUtils\Primitives\Vertex.cpp src\Renderer\CoreUtils\Rasterizer\Rasterizer.cpp src\Renderer\CoreUtils\Scene.cpp src\Utils\Math\Vector2.cpp src\Utils\Math\Vector3.cpp src\Utils\MeshContainer.cpp
         MeshContainer.cpp
     1>src\Utils\MeshContainer.cpp(10): fatal error C1083: Cannot open include file: 'Utils/MeshContainer.h': No such file or directory
         Vector3.cpp
     1>src\Utils\Math\Vector3.cpp(9): fatal error C1083: Cannot open include file: 'Utils/Math/Vector3.h': No such file or directory
         Vector2.cpp
     1>src\Utils\Math\Vector2.cpp(9): fatal error C1083: Cannot open include file: 'Utils/Math/Vector2.h': No such file or directory
         Scene.cpp
     1>src\Renderer\CoreUtils\Scene.cpp(12): fatal error C1083: Cannot open include file: 'Renderer/CoreUtils/Scene.h': No such file or directory
         Rasterizer.cpp
     1>src\Renderer\CoreUtils\Rasterizer\Rasterizer.cpp(10): fatal error C1083: Cannot open include file: 'Renderer/CoreUtils/Primitives/Mesh.h': No such file or directory
         Vertex.cpp
     1>src\Renderer\CoreUtils\Primitives\Vertex.cpp(8): fatal error C1083: Cannot open include file: 'Renderer/CoreUtils/Scene.h': No such file or directory
         Triangle.cpp
     1>src\Renderer\CoreUtils\Primitives\Triangle.cpp(10): fatal error C1083: Cannot open include file: 'Renderer/CoreUtils/Primitives/Triangle.h': No such file or directory
         Mesh.cpp
     1>src\Renderer\CoreUtils\Primitives\Mesh.cpp(10): fatal error C1083: Cannot open include file: 'Renderer/CoreUtils/Primitives/Mesh.h': No such file or directory
         Edge.cpp
     1>src\Renderer\CoreUtils\Primitives\Edge.cpp(9): fatal error C1083: Cannot open include file: 'Renderer/CoreUtils/Primitives/Edge.h': No such file or directory
         Camera.cpp
     1>src\Renderer\CoreUtils\Camera.cpp(8): fatal error C1083: Cannot open include file: 'Renderer/CoreUtils/Camera.h': No such file or directory
         IO_OBJLoader.cpp
     1>src\FileIO\OBJImpex\Reader\IO_OBJLoader.cpp(10): fatal error C1083: Cannot open include file: 'FileIO\OBJImpex\Reader\IO_OBJLoader.h': No such file or directory
         EditorServer.cpp
     1>src\Editor\ProcyonServer\EditorServer.cpp(8): fatal error C1083: Cannot open include file: 'boost/interprocess/windows_shared_memory.hpp': No such file or directory
         Generating Code...
     1>Done Building Project "E:\CanisMajoris\Canis Majoris\Engine\Engine.vcxproj" (Build target(s)) -- FAILED.

Build FAILED.

Time Elapsed 00:00:03.52
